<?xml version="1.0" encoding="UTF-8"?>
<!-- Generated by org.testng.reporters.JUnitReportReporter -->
<testsuite hostname="V6001" failures="0" tests="1" name="practiceTestNG.Test1" time="9.969" errors="0" timestamp="2023-03-22T14:02:45 IST" skipped="0">
  <testcase classname="practiceTestNG.Test1" name="TestFacebook" time="9.969"/>
  <system-out/>
</testsuite> <!-- practiceTestNG.Test1 -->
